<?xml version="1.0" encoding="UTF-8"?>
<!-- Generated by org.testng.reporters.JUnitReportReporter -->
<testsuite skipped="0" hostname="srihith-PC" name="com.nopcommerce.testCases.TC_SearchCustomerByEmail_004" tests="1" failures="0" timestamp="2020-08-17T23:19:17 EDT" time="37.069" errors="0">
  <testcase name="searchCustomerbyEmail" time="37.069" classname="com.nopcommerce.testCases.TC_SearchCustomerByEmail_004"/>
  <system-out/>
</testsuite> <!-- com.nopcommerce.testCases.TC_SearchCustomerByEmail_004 -->
